<?xml version="1.0" encoding="UTF-8"?>
<!-- Generated by org.testng.reporters.JUnitReportReporter -->
<testsuite hostname="Swathi-PC" name="TestScenarios.SikuliImageVerification" tests="1" failures="0" timestamp="16 Oct 2017 10:44:51 GMT" time="18.971" errors="0">
  <testcase name="GmailVerification" time="18.971" classname="TestScenarios.SikuliImageVerification"/>
</testsuite> <!-- TestScenarios.SikuliImageVerification -->
