<?xml version="1.0" encoding="UTF-8"?>
<!-- Generated by org.testng.reporters.JUnitReportReporter -->
<testsuite hostname="Swathi-PC" name="TestScenarios.DemoVtigettest" tests="2" failures="0" timestamp="9 Oct 2017 11:33:52 GMT" time="36.967" errors="0">
  <testcase name="testLoginvtiger" time="36.847" classname="TestScenarios.DemoVtigettest"/>
  <testcase name="VerifyTitle" time="0.120" classname="TestScenarios.DemoVtigettest"/>
</testsuite> <!-- TestScenarios.DemoVtigettest -->
