<?xml version="1.0" encoding="UTF-8"?>
<!-- Generated by org.testng.reporters.JUnitReportReporter -->
<testsuite hostname="Swathi-PC" name="TestScenarios.DemoVtigettest" tests="2" failures="0" timestamp="9 Oct 2017 06:56:01 GMT" time="42.921" errors="0">
  <testcase name="VerifyTitle" time="1.835" classname="TestScenarios.DemoVtigettest"/>
  <testcase name="testLoginvtiger" time="41.086" classname="TestScenarios.DemoVtigettest"/>
</testsuite> <!-- TestScenarios.DemoVtigettest -->
