<?xml version="1.0" encoding="UTF-8"?>
<!-- Generated by org.testng.reporters.JUnitReportReporter -->
<testsuite hostname="Swathi-PC" name="TestScenarios.FileUpload" tests="1" failures="0" timestamp="17 Oct 2017 06:26:14 GMT" time="22.173" errors="0">
  <testcase name="Fileupload" time="22.173" classname="TestScenarios.FileUpload"/>
</testsuite> <!-- TestScenarios.FileUpload -->
