<?xml version="1.0" encoding="UTF-8"?>
<!-- Generated by org.testng.reporters.JUnitReportReporter -->
<testsuite hostname="Swathi-PC" name="TestScenarios.ExtractPDF" tests="1" failures="0" timestamp="12 Oct 2017 10:16:43 GMT" time="2.404" errors="0">
  <testcase name="ExtractPDF" time="2.404" classname="TestScenarios.ExtractPDF"/>
</testsuite> <!-- TestScenarios.ExtractPDF -->
