<?xml version="1.0" encoding="UTF-8"?>
<!-- Generated by org.testng.reporters.JUnitReportReporter -->
<testsuite hostname="Swathi-PC" name="TestScenarios.DemoVtigettest" tests="2" failures="0" timestamp="17 Oct 2017 05:30:37 GMT" time="43.548" errors="0">
  <testcase name="testLoginvtiger" time="43.271" classname="TestScenarios.DemoVtigettest"/>
  <testcase name="VerifyTitle" time="0.277" classname="TestScenarios.DemoVtigettest"/>
</testsuite> <!-- TestScenarios.DemoVtigettest -->
